2024-01-01 00:00:00 INFO File upload
2024-01-01 00:00:30 INFO Request timeout
2024-01-01 00:01:00 INFO DB connection
2024-01-01 00:01:30 WARN OK
2024-01-01 00:02:00 WARN Request timeout
2024-01-01 00:02:30 INFO User login
2024-01-01 00:03:00 ERROR File upload
2024-01-01 00:03:30 INFO Cache miss
2024-01-01 00:04:00 INFO Request timeout
2024-01-01 00:04:30 INFO DB connection
2024-01-01 00:05:00 INFO File upload
2024-01-01 00:05:30 DEBUG User login
2024-01-01 00:06:00 WARN File upload
2024-01-01 00:06:30 ERROR Request timeout
2024-01-01 00:07:00 DEBUG Cache miss
2024-01-01 00:07:30 ERROR User login
2024-01-01 00:08:00 INFO Request timeout
2024-01-01 00:08:30 INFO Request timeout
2024-01-01 00:09:00 INFO DB connection
2024-01-01 00:09:30 WARN User login
2024-01-01 00:10:00 WARN Cache miss
2024-01-01 00:10:30 WARN OK
2024-01-01 00:11:00 INFO Cache miss
2024-01-01 00:11:30 INFO Cache miss
2024-01-01 00:12:00 WARN OK
2024-01-01 00:12:30 ERROR User login
2024-01-01 00:13:00 DEBUG OK
2024-01-01 00:13:30 DEBUG Cache miss
2024-01-01 00:14:00 WARN Cache miss
2024-01-01 00:14:30 INFO Cache miss
2024-01-01 00:15:00 DEBUG Request timeout
2024-01-01 00:15:30 INFO OK
2024-01-01 00:16:00 INFO Request timeout
2024-01-01 00:16:30 INFO User login
2024-01-01 00:17:00 INFO Request timeout
2024-01-01 00:17:30 INFO Cache miss
2024-01-01 00:18:00 WARN Request timeout
2024-01-01 00:18:30 ERROR Cache miss
2024-01-01 00:19:00 INFO Cache miss
2024-01-01 00:19:30 WARN OK
2024-01-01 00:20:00 DEBUG OK
2024-01-01 00:20:30 ERROR Request timeout
2024-01-01 00:21:00 INFO Request timeout
2024-01-01 00:21:30 INFO Cache miss
2024-01-01 00:22:00 DEBUG OK
2024-01-01 00:22:30 INFO File upload
2024-01-01 00:23:00 INFO User login
2024-01-01 00:23:30 INFO User login
2024-01-01 00:24:00 INFO DB connection
2024-01-01 00:24:30 INFO Request timeout
2024-01-01 00:25:00 ERROR Cache miss
2024-01-01 00:25:30 INFO DB connection
2024-01-01 00:26:00 INFO Request timeout
2024-01-01 00:26:30 INFO OK
2024-01-01 00:27:00 INFO Request timeout
2024-01-01 00:27:30 DEBUG OK
2024-01-01 00:28:00 INFO DB connection
2024-01-01 00:28:30 INFO Request timeout
2024-01-01 00:29:00 DEBUG DB connection
2024-01-01 00:29:30 WARN DB connection
2024-01-01 00:30:00 DEBUG OK
2024-01-01 00:30:30 INFO File upload
2024-01-01 00:31:00 DEBUG File upload
2024-01-01 00:31:30 INFO File upload
2024-01-01 00:32:00 INFO File upload
2024-01-01 00:32:30 INFO Cache miss
2024-01-01 00:33:00 DEBUG User login
2024-01-01 00:33:30 INFO Request timeout
2024-01-01 00:34:00 INFO Request timeout
2024-01-01 00:34:30 INFO Cache miss
2024-01-01 00:35:00 WARN User login
2024-01-01 00:35:30 INFO User login
2024-01-01 00:36:00 INFO Cache miss
2024-01-01 00:36:30 WARN File upload
2024-01-01 00:37:00 INFO User login
2024-01-01 00:37:30 WARN OK
2024-01-01 00:38:00 DEBUG File upload
2024-01-01 00:38:30 INFO DB connection
2024-01-01 00:39:00 INFO Request timeout
2024-01-01 00:39:30 INFO DB connection
2024-01-01 00:40:00 INFO User login
2024-01-01 00:40:30 INFO Request timeout
2024-01-01 00:41:00 INFO Request timeout
2024-01-01 00:41:30 INFO File upload
2024-01-01 00:42:00 DEBUG DB connection
2024-01-01 00:42:30 DEBUG DB connection
2024-01-01 00:43:00 INFO Cache miss
2024-01-01 00:43:30 WARN User login
2024-01-01 00:44:00 ERROR User login
2024-01-01 00:44:30 INFO File upload
2024-01-01 00:45:00 WARN File upload
2024-01-01 00:45:30 DEBUG OK
2024-01-01 00:46:00 INFO User login
2024-01-01 00:46:30 INFO Cache miss
2024-01-01 00:47:00 DEBUG File upload
2024-01-01 00:47:30 INFO Request timeout
2024-01-01 00:48:00 INFO DB connection
2024-01-01 00:48:30 INFO Request timeout
2024-01-01 00:49:00 INFO DB connection
2024-01-01 00:49:30 INFO Cache miss
2024-01-01 00:50:00 INFO User login
2024-01-01 00:50:30 INFO File upload
2024-01-01 00:51:00 INFO OK
2024-01-01 00:51:30 INFO OK
2024-01-01 00:52:00 INFO User login
2024-01-01 00:52:30 INFO DB connection
2024-01-01 00:53:00 INFO OK
2024-01-01 00:53:30 ERROR User login
2024-01-01 00:54:00 INFO File upload
2024-01-01 00:54:30 INFO OK
2024-01-01 00:55:00 DEBUG DB connection
2024-01-01 00:55:30 WARN OK
2024-01-01 00:56:00 INFO DB connection
2024-01-01 00:56:30 INFO File upload
2024-01-01 00:57:00 INFO File upload
2024-01-01 00:57:30 DEBUG Request timeout
2024-01-01 00:58:00 ERROR Cache miss
2024-01-01 00:58:30 ERROR DB connection
2024-01-01 00:59:00 INFO Cache miss
2024-01-01 00:59:30 WARN DB connection
2024-01-01 01:00:00 INFO Request timeout
2024-01-01 01:00:30 DEBUG OK
2024-01-01 01:01:00 DEBUG File upload
2024-01-01 01:01:30 INFO File upload
2024-01-01 01:02:00 INFO OK
2024-01-01 01:02:30 INFO Request timeout
2024-01-01 01:03:00 INFO Request timeout
2024-01-01 01:03:30 INFO Cache miss
2024-01-01 01:04:00 WARN File upload
2024-01-01 01:04:30 ERROR Cache miss
2024-01-01 01:05:00 DEBUG User login
2024-01-01 01:05:30 ERROR User login
2024-01-01 01:06:00 WARN DB connection
2024-01-01 01:06:30 INFO User login
2024-01-01 01:07:00 INFO User login
2024-01-01 01:07:30 ERROR File upload
2024-01-01 01:08:00 ERROR Request timeout
2024-01-01 01:08:30 INFO DB connection
2024-01-01 01:09:00 INFO DB connection
2024-01-01 01:09:30 WARN User login
2024-01-01 01:10:00 WARN Cache miss
2024-01-01 01:10:30 DEBUG Request timeout
2024-01-01 01:11:00 INFO User login
2024-01-01 01:11:30 INFO Request timeout
2024-01-01 01:12:00 INFO Cache miss
2024-01-01 01:12:30 INFO OK
2024-01-01 01:13:00 INFO User login
2024-01-01 01:13:30 DEBUG User login
2024-01-01 01:14:00 INFO Cache miss
2024-01-01 01:14:30 WARN Cache miss
2024-01-01 01:15:00 INFO Cache miss
2024-01-01 01:15:30 ERROR User login
2024-01-01 01:16:00 INFO Cache miss
2024-01-01 01:16:30 DEBUG File upload
2024-01-01 01:17:00 INFO File upload
2024-01-01 01:17:30 INFO Cache miss
2024-01-01 01:18:00 INFO User login
2024-01-01 01:18:30 INFO Cache miss
2024-01-01 01:19:00 WARN User login
2024-01-01 01:19:30 INFO Cache miss
2024-01-01 01:20:00 INFO Request timeout
2024-01-01 01:20:30 INFO DB connection
2024-01-01 01:21:00 WARN OK
2024-01-01 01:21:30 WARN DB connection
2024-01-01 01:22:00 INFO User login
2024-01-01 01:22:30 INFO User login
2024-01-01 01:23:00 INFO File upload
2024-01-01 01:23:30 INFO Request timeout
2024-01-01 01:24:00 INFO DB connection
2024-01-01 01:24:30 INFO DB connection
2024-01-01 01:25:00 INFO Request timeout
2024-01-01 01:25:30 WARN DB connection
2024-01-01 01:26:00 INFO User login
2024-01-01 01:26:30 ERROR DB connection
2024-01-01 01:27:00 WARN File upload
2024-01-01 01:27:30 WARN User login
2024-01-01 01:28:00 INFO Request timeout
2024-01-01 01:28:30 WARN File upload
2024-01-01 01:29:00 INFO Request timeout
2024-01-01 01:29:30 INFO DB connection
2024-01-01 01:30:00 WARN User login
2024-01-01 01:30:30 INFO Request timeout
2024-01-01 01:31:00 INFO User login
2024-01-01 01:31:30 INFO OK
2024-01-01 01:32:00 INFO DB connection
2024-01-01 01:32:30 DEBUG DB connection
2024-01-01 01:33:00 INFO Cache miss
2024-01-01 01:33:30 INFO Request timeout
2024-01-01 01:34:00 INFO User login
2024-01-01 01:34:30 INFO DB connection
2024-01-01 01:35:00 INFO DB connection
2024-01-01 01:35:30 INFO DB connection
2024-01-01 01:36:00 WARN Request timeout
2024-01-01 01:36:30 DEBUG DB connection
2024-01-01 01:37:00 DEBUG Request timeout
2024-01-01 01:37:30 WARN OK
2024-01-01 01:38:00 WARN OK
2024-01-01 01:38:30 INFO Cache miss
2024-01-01 01:39:00 INFO File upload
2024-01-01 01:39:30 INFO Cache miss